

22:18:41 error: relation "captures" already exists
         query: CREATE TABLE captures ( id serial PRIMARY KEY, perm_id varchar(20), cap_date date, sex varchar(8), age varchar(10), species varchar(4), notes varchar, serial_num varchar(50), created_at timestamp with time zone DEFAULT now(), updated_at timestamp with time zone DEFAULT now() );

22:19:57 error: relation "captures" already exists
         query: CREATE TABLE captures ( id serial PRIMARY KEY, perm_id varchar(20), cap_date date, sex varchar(8), age varchar(10), species varchar(4), notes varchar, serial_num varchar(50), created_at timestamp with time zone DEFAULT now(), updated_at timestamp with time zone DEFAULT now() );

10:19:44 error: relation "devices" already exists
         query: CREATE TABLE devices ( id serial PRIMARY KEY, serial_num character varying(50) UNIQUE, frequency real, vendor character varying(50), device_type character varying(50), mfg_date date, model character varying, created_at timestamp with time zone DEFAULT now(), updated_at timestamp with time zone DEFAULT now() );

10:20:28 error: relation "validity_codes" already exists
         query: CREATE TABLE validity_codes ( code integer PRIMARY KEY, description varchar );

10:22:25 error: relation "devices" already exists
         query: CREATE TABLE devices ( id serial PRIMARY KEY, serial_num character varying(50) UNIQUE, frequency real, vendor character varying(50), device_type character varying(50), mfg_date date, model character varying, created_at timestamp with time zone DEFAULT now(), updated_at timestamp with time zone DEFAULT now() );

10:24:05 error: No data returned from the query.
         query: INSERT INTO validity_codes (code, description) VALUES (1, 'valid position'), (2, 'position with no coordinates'), (3, 'position with low reliability'), (4, 'impossible spike'), (5, 'position outside study area'), (6, 'impossible biological location'), (7, 'duplicate timestamp');

10:25:53 error: relation "gps" already exists
         query: CREATE TABLE gps ( id serial PRIMARY KEY, serial_num varchar(50) REFERENCES devices(serial_num), acq_time_utc timestamp with time zone, acq_time_lcl timestamp with time zone, latitude numeric, longitude numeric, altitude numeric, easting numeric, northing numeric, activity numeric, temperature numeric, hdop numeric, pdop numeric, n_sats integer, fixtype varchar(10), gps_volts real, created_at timestamp with time zone DEFAULT now(), updated_at timestamp with time zone DEFAULT now() );

10:26:48 error: relation "gps" already exists
         query: CREATE TABLE gps ( id serial PRIMARY KEY, serial_num varchar(50) REFERENCES devices(serial_num), acq_time_utc timestamp with time zone, acq_time_lcl timestamp with time zone, latitude numeric, longitude numeric, altitude numeric, easting numeric, northing numeric, activity numeric, temperature numeric, hdop numeric, pdop numeric, n_sats integer, fixtype varchar(10), gps_volts real, created_at timestamp with time zone DEFAULT now(), updated_at timestamp with time zone DEFAULT now() );

10:26:56 error: relation "gps" already exists
         query: CREATE TABLE gps ( id serial PRIMARY KEY, serial_num varchar(50) REFERENCES devices(serial_num), acq_time_utc timestamp with time zone, acq_time_lcl timestamp with time zone, latitude numeric, longitude numeric, altitude numeric, easting numeric, northing numeric, activity numeric, temperature numeric, hdop numeric, pdop numeric, n_sats integer, fixtype varchar(10), gps_volts real, created_at timestamp with time zone DEFAULT now(), updated_at timestamp with time zone DEFAULT now() );

10:27:57 error: ENOENT: no such file or directory, open '/Users/mitchellgritts/Documents/telemetr/telemetr-generator/db/sql/relocations/create.sql'
         query: /Users/mitchellgritts/Documents/telemetr/telemetr-generator/db/sql/relocations/create.sql

10:28:49 error: type "geometry" does not exist
         query: CREATE TABLE relocations ( id serial PRIMARY KEY, raw_gps_id integer REFERENCES raw_gps(id), animal_id integer REFERENCES animals(id), device_id integer REFERENCES devices(id), acq_time_utc timestamp with time zone, acq_time_lcl timestamp with time zone, latitude numeric, longitude numeric, geom geometry(Point, 4326), altitude numeric, validity_code integer REFERENCES validity_codes(code) DEFAULT 1, easting numeric, norhting numeric, utm_srid integer, created_at timestamp with time zone DEFAULT now(), updated_at timestamp with time zone DEFAULT now() );

10:29:12 error: relation "raw_gps" does not exist
         query: CREATE TABLE relocations ( id serial PRIMARY KEY, raw_gps_id integer REFERENCES raw_gps(id), animal_id integer REFERENCES animals(id), device_id integer REFERENCES devices(id), acq_time_utc timestamp with time zone, acq_time_lcl timestamp with time zone, latitude numeric, longitude numeric, geom geometry(Point, 4326), altitude numeric, validity_code integer REFERENCES validity_codes(code) DEFAULT 1, easting numeric, norhting numeric, utm_srid integer, created_at timestamp with time zone DEFAULT now(), updated_at timestamp with time zone DEFAULT now() );

10:49:29 error: ENOENT: no such file or directory, open '/Users/mitchellgritts/Documents/telemetr/telemetr-generator/db/sql/triggers/parseCaptures'
         query: /Users/mitchellgritts/Documents/telemetr/telemetr-generator/db/sql/triggers/parseCaptures

10:50:16 error: ENOENT: no such file or directory, open '/Users/mitchellgritts/Documents/telemetr/telemetr-generator/db/sql/triggers/parseCaptures.sql'
         query: /Users/mitchellgritts/Documents/telemetr/telemetr-generator/db/sql/triggers/parseCaptures.sql